[main 61adc15] Auto-sync: 2025-03-28 12:48:58
 3 files changed, 9 insertions(+)
 create mode 100644 scripts/artbox
 create mode 100644 scripts/artbox.pub
 create mode 100644 scripts/nohup.out
To github.com:sirromnavaj/artempiremj-ai-platform.git
 * [new branch]      main -> main
Git sync completed at Fri Mar 28 12:49:39 UTC 2025
[main 95b5cf1] Auto-sync: 2025-03-28 12:51:42
 1 file changed, 8 insertions(+)
To github.com:sirromnavaj/artempiremj-ai-platform.git
   61adc15..95b5cf1  main -> main
Git sync completed at Fri Mar 28 12:52:08 UTC 2025
[main d8a63a7] Auto-sync: 2025-03-28 12:53:22
 1 file changed, 5 insertions(+)
To github.com:sirromnavaj/artempiremj-ai-platform.git
 ! [rejected]        main -> main (fetch first)
error: failed to push some refs to 'github.com:sirromnavaj/artempiremj-ai-platform.git'
hint: Updates were rejected because the remote contains work that you do
hint: not have locally. This is usually caused by another repository pushing
hint: to the same ref. You may want to first integrate the remote changes
hint: (e.g., 'git pull ...') before pushing again.
hint: See the 'Note about fast-forwards' in 'git push --help' for details.
Git sync completed at Fri Mar 28 12:53:33 UTC 2025
[main 7d9a91e] Auto-sync: 2025-03-28 12:55:32
 1 file changed, 11 insertions(+)
To github.com:sirromnavaj/artempiremj-ai-platform.git
 ! [rejected]        main -> main (fetch first)
error: failed to push some refs to 'github.com:sirromnavaj/artempiremj-ai-platform.git'
hint: Updates were rejected because the remote contains work that you do
hint: not have locally. This is usually caused by another repository pushing
hint: to the same ref. You may want to first integrate the remote changes
hint: (e.g., 'git pull ...') before pushing again.
hint: See the 'Note about fast-forwards' in 'git push --help' for details.
Git sync completed at Fri Mar 28 12:56:09 UTC 2025
[main 1661bbe] Auto-sync: 2025-03-28 12:57:26
 1 file changed, 11 insertions(+)
To github.com:sirromnavaj/artempiremj-ai-platform.git
 ! [rejected]        main -> main (fetch first)
error: failed to push some refs to 'github.com:sirromnavaj/artempiremj-ai-platform.git'
hint: Updates were rejected because the remote contains work that you do
hint: not have locally. This is usually caused by another repository pushing
hint: to the same ref. You may want to first integrate the remote changes
hint: (e.g., 'git pull ...') before pushing again.
hint: See the 'Note about fast-forwards' in 'git push --help' for details.
Git sync completed at Fri Mar 28 12:57:46 UTC 2025
[main 3aa28ab] Auto-sync: 2025-03-28 12:59:36
 1 file changed, 11 insertions(+)
To github.com:sirromnavaj/artempiremj-ai-platform.git
 ! [rejected]        main -> main (fetch first)
error: failed to push some refs to 'github.com:sirromnavaj/artempiremj-ai-platform.git'
hint: Updates were rejected because the remote contains work that you do
hint: not have locally. This is usually caused by another repository pushing
hint: to the same ref. You may want to first integrate the remote changes
hint: (e.g., 'git pull ...') before pushing again.
hint: See the 'Note about fast-forwards' in 'git push --help' for details.
Git sync completed at Fri Mar 28 12:59:49 UTC 2025
On branch main

It took 3.12 seconds to enumerate untracked files. 'status -uno'
may speed it up, but you have to be careful not to forget to add
new files yourself (see 'git help status').
nothing to commit, working tree clean
To github.com:sirromnavaj/artempiremj-ai-platform.git
 ! [rejected]        main -> main (fetch first)
error: failed to push some refs to 'github.com:sirromnavaj/artempiremj-ai-platform.git'
hint: Updates were rejected because the remote contains work that you do
hint: not have locally. This is usually caused by another repository pushing
hint: to the same ref. You may want to first integrate the remote changes
hint: (e.g., 'git pull ...') before pushing again.
hint: See the 'Note about fast-forwards' in 'git push --help' for details.
Git sync completed at Fri Mar 28 13:01:08 UTC 2025
